<?xml version="1.0" encoding="UTF-8"?>
<!-- Generated by org.testng.reporters.JUnitReportReporter -->
<testsuite skipped="0" hostname="LAPTOP-CL9FEVJO" name="com.restAPI.Tests.GET_TestCase" tests="1" failures="0" timestamp="18 Apr 2019 11:49:31 GMT" time="1.993" errors="0">
  <testcase name="getTest" time="1.993" classname="com.restAPI.Tests.GET_TestCase"/>
</testsuite> <!-- com.restAPI.Tests.GET_TestCase -->
